<?xml version="1.0" encoding="UTF-8"?>
<!-- Generated by org.testng.reporters.JUnitReportReporter -->
<testsuite hostname="LAPTOP-TUUDI5E4" failures="0" tests="3" name="rahulshettyacademy.tests.SubmitOrderTest" time="30.366" errors="0" timestamp="21 Feb 2024 04:46:26 GMT" skipped="0">
  <testcase classname="rahulshettyacademy.tests.SubmitOrderTest" name="verifyOrder" time="4.151"/>
  <testcase classname="rahulshettyacademy.tests.SubmitOrderTest" name="submitOrder" time="12.748"/>
  <testcase classname="rahulshettyacademy.tests.SubmitOrderTest" name="submitOrder" time="13.467"/>
</testsuite> <!-- rahulshettyacademy.tests.SubmitOrderTest -->
