<?xml version="1.0" encoding="UTF-8"?>
<!-- Generated by org.testng.reporters.JUnitReportReporter -->
<testsuite hostname="LAPTOP-TUUDI5E4" failures="0" tests="2" name="rahulshettyacademy.tests.ErrorValidation" time="7.392" errors="0" timestamp="18 Feb 2024 05:35:28 GMT" skipped="0">
  <testcase classname="rahulshettyacademy.tests.ErrorValidation" name="productErrorValidation" time="4.630"/>
  <testcase classname="rahulshettyacademy.tests.ErrorValidation" name="submitOrder" time="2.762"/>
</testsuite> <!-- rahulshettyacademy.tests.ErrorValidation -->
