<?xml version="1.0" encoding="UTF-8"?>
<!-- Generated by org.testng.reporters.JUnitReportReporter -->
<testsuite hostname="LAPTOP-TUUDI5E4" failures="0" tests="1" name="rahulshettyacademy.tests.ErrorValidationsTest" time="3.752" errors="0" timestamp="20 Feb 2024 16:00:25 GMT" skipped="0">
  <testcase classname="rahulshettyacademy.tests.ErrorValidationsTest" name="LoginErrorvalidation" time="3.752"/>
</testsuite> <!-- rahulshettyacademy.tests.ErrorValidationsTest -->
