<?xml version="1.0" encoding="UTF-8"?>
<!-- Generated by org.testng.reporters.JUnitReportReporter -->
<testsuite hostname="LAPTOP-TUUDI5E4" failures="0" tests="2" name="rahulshettyacademy.tests.ErrorValidationsTest" time="11.778" errors="0" timestamp="21 Feb 2024 15:55:35 GMT" skipped="0">
  <testcase classname="rahulshettyacademy.tests.ErrorValidationsTest" name="LoginErrorvalidation" time="3.867"/>
  <testcase classname="rahulshettyacademy.tests.ErrorValidationsTest" name="productErrorValidation" time="7.911"/>
</testsuite> <!-- rahulshettyacademy.tests.ErrorValidationsTest -->
